Logfile initialized
[INFO] logfile = /home/swarm/Zwarm/zwarm-frontend/build.log
[DEBUG] /home/swarm/.titanium/mobilesdk/linux/2.0.1.GA2/android/builder.py simulator ZwarmMobile /home/swarm/android-sdk-linux /home/swarm/Zwarm/zwarm-frontend com.zuehlke.zwarm 4 WVGA800 
[INFO] Building ZwarmMobile for Android ... one moment
[INFO] Titanium SDK version: 2.0.1 (04/12/12 16:33 999c68a)
[DEBUG] Waiting for device to be ready ...
[TRACE] adb devices returned 1 devices/emulators
[TRACE] adb devices returned 1 devices/emulators
[TRACE] adb devices returned 1 devices/emulators
[TRACE] adb devices returned 1 devices/emulators
[TRACE] adb devices returned 1 devices/emulators
[TRACE] adb devices returned 1 devices/emulators
[TRACE] adb devices returned 1 devices/emulators
[TRACE] adb devices returned 1 devices/emulators
[TRACE] adb devices returned 1 devices/emulators
[TRACE] adb devices returned 1 devices/emulators
[TRACE] adb devices returned 1 devices/emulators
[DEBUG] Device connected... (waited 50 seconds)
[DEBUG] waited 50.171787 seconds on emulator to get ready
[INFO] Waiting for the Android Emulator to become available
[DEBUG] com.zuehlke.zwarm installed? True
[INFO] Fastdev server running, deploying in Fastdev mode
[INFO] Copying CommonJS modules...
[INFO] Copying project resources..
[INFO] Detected change in tiapp.xml, or assets deleted. Forcing full re-build...
[TRACE] COPYING CREATED FILE: /home/swarm/Zwarm/zwarm-frontend/Resources/util/Countdown.js => /home/swarm/Zwarm/zwarm-frontend/build/android/bin/assets/Resources/util/Countdown.js
[TRACE] COPYING CREATED FILE: /home/swarm/Zwarm/zwarm-frontend/Resources/network/SwarmClient.js => /home/swarm/Zwarm/zwarm-frontend/build/android/bin/assets/Resources/network/SwarmClient.js
[TRACE] COPYING CREATED FILE: /home/swarm/Zwarm/zwarm-frontend/Resources/network/RestClient.js => /home/swarm/Zwarm/zwarm-frontend/build/android/bin/assets/Resources/network/RestClient.js
[TRACE] COPYING CREATED FILE: /home/swarm/Zwarm/zwarm-frontend/Resources/KS_nav_ui.png => /home/swarm/Zwarm/zwarm-frontend/build/android/bin/assets/Resources/KS_nav_ui.png
[TRACE] COPYING CREATED FILE: /home/swarm/Zwarm/zwarm-frontend/Resources/swarmview.js => /home/swarm/Zwarm/zwarm-frontend/build/android/bin/assets/Resources/swarmview.js
[TRACE] COPYING CREATED FILE: /home/swarm/Zwarm/zwarm-frontend/Resources/app.js => /home/swarm/Zwarm/zwarm-frontend/build/android/bin/assets/Resources/app.js
[TRACE] COPYING CREATED FILE: /home/swarm/Zwarm/zwarm-frontend/Resources/ui/MapView.js => /home/swarm/Zwarm/zwarm-frontend/build/android/bin/assets/Resources/ui/MapView.js
[TRACE] COPYING CREATED FILE: /home/swarm/Zwarm/zwarm-frontend/Resources/ui/SampleView.js => /home/swarm/Zwarm/zwarm-frontend/build/android/bin/assets/Resources/ui/SampleView.js
[TRACE] COPYING CREATED FILE: /home/swarm/Zwarm/zwarm-frontend/Resources/ui/SwarmBrowser.js => /home/swarm/Zwarm/zwarm-frontend/build/android/bin/assets/Resources/ui/SwarmBrowser.js
[TRACE] COPYING CREATED FILE: /home/swarm/Zwarm/zwarm-frontend/Resources/ui/MainView.js => /home/swarm/Zwarm/zwarm-frontend/build/android/bin/assets/Resources/ui/MainView.js
[TRACE] COPYING CREATED FILE: /home/swarm/Zwarm/zwarm-frontend/Resources/ui/InitView.js => /home/swarm/Zwarm/zwarm-frontend/build/android/bin/assets/Resources/ui/InitView.js
[TRACE] COPYING CREATED FILE: /home/swarm/Zwarm/zwarm-frontend/Resources/ui/SwarmView.js => /home/swarm/Zwarm/zwarm-frontend/build/android/bin/assets/Resources/ui/SwarmView.js
[TRACE] COPYING CREATED FILE: /home/swarm/Zwarm/zwarm-frontend/Resources/ui/SwarmDefinitionView.js => /home/swarm/Zwarm/zwarm-frontend/build/android/bin/assets/Resources/ui/SwarmDefinitionView.js
[TRACE] COPYING CREATED FILE: /home/swarm/Zwarm/zwarm-frontend/Resources/android/appicon.png => /home/swarm/Zwarm/zwarm-frontend/build/android/bin/assets/Resources/appicon.png
[TRACE] COPYING CREATED FILE: /home/swarm/Zwarm/zwarm-frontend/Resources/android/default.png => /home/swarm/Zwarm/zwarm-frontend/build/android/bin/assets/Resources/default.png
[TRACE] COPYING CREATED FILE: /home/swarm/Zwarm/zwarm-frontend/Resources/KS_nav_views.png => /home/swarm/Zwarm/zwarm-frontend/build/android/bin/assets/Resources/KS_nav_views.png
[TRACE] Generating Java Classes
[DEBUG] Processing Android resource drawables
[TRACE] COPYING FILE: /home/swarm/Zwarm/zwarm-frontend/Resources/android/images/res-notlong-land-ldpi/default.png => /home/swarm/Zwarm/zwarm-frontend/build/android/res/drawable-notlong-land-ldpi/default_d44e27d97b.png
[TRACE] COPYING FILE: /home/swarm/Zwarm/zwarm-frontend/Resources/android/images/res-long-port-ldpi/default.png => /home/swarm/Zwarm/zwarm-frontend/build/android/res/drawable-long-port-ldpi/default_d44e27d97b.png
[TRACE] COPYING FILE: /home/swarm/Zwarm/zwarm-frontend/Resources/android/images/res-notlong-land-hdpi/default.png => /home/swarm/Zwarm/zwarm-frontend/build/android/res/drawable-notlong-land-hdpi/default_d44e27d97b.png
[TRACE] COPYING FILE: /home/swarm/Zwarm/zwarm-frontend/Resources/android/images/res-long-port-hdpi/default.png => /home/swarm/Zwarm/zwarm-frontend/build/android/res/drawable-long-port-hdpi/default_d44e27d97b.png
[TRACE] COPYING FILE: /home/swarm/Zwarm/zwarm-frontend/Resources/android/images/res-notlong-port-ldpi/default.png => /home/swarm/Zwarm/zwarm-frontend/build/android/res/drawable-notlong-port-ldpi/default_d44e27d97b.png
[TRACE] COPYING FILE: /home/swarm/Zwarm/zwarm-frontend/Resources/android/images/res-long-land-ldpi/default.png => /home/swarm/Zwarm/zwarm-frontend/build/android/res/drawable-long-land-ldpi/default_d44e27d97b.png
[TRACE] COPYING FILE: /home/swarm/Zwarm/zwarm-frontend/Resources/android/images/res-notlong-land-mdpi/default.png => /home/swarm/Zwarm/zwarm-frontend/build/android/res/drawable-notlong-land-mdpi/default_d44e27d97b.png
[TRACE] COPYING FILE: /home/swarm/Zwarm/zwarm-frontend/Resources/android/images/res-long-land-hdpi/default.png => /home/swarm/Zwarm/zwarm-frontend/build/android/res/drawable-long-land-hdpi/default_d44e27d97b.png
[TRACE] COPYING FILE: /home/swarm/Zwarm/zwarm-frontend/Resources/android/images/res-notlong-port-mdpi/default.png => /home/swarm/Zwarm/zwarm-frontend/build/android/res/drawable-notlong-port-mdpi/default_d44e27d97b.png
[TRACE] COPYING FILE: /home/swarm/Zwarm/zwarm-frontend/Resources/android/images/res-notlong-port-hdpi/default.png => /home/swarm/Zwarm/zwarm-frontend/build/android/res/drawable-notlong-port-hdpi/default_d44e27d97b.png
[DEBUG] app stylesheet => /home/swarm/Zwarm/zwarm-frontend/build/android/gen/com/zuehlke/zwarm/ApplicationStylesheet.java
[DEBUG] copying app icon: /home/swarm/Zwarm/zwarm-frontend/build/android/bin/assets/Resources/appicon.png
[DEBUG] generating theme.xml
[DEBUG] found drawable-notlong-land-ldpi splash screen at /home/swarm/Zwarm/zwarm-frontend/Resources/android/images/res-notlong-land-ldpi/default.png
[DEBUG] copying /home/swarm/Zwarm/zwarm-frontend/Resources/android/images/res-notlong-land-ldpi/default.png splash screen to /home/swarm/Zwarm/zwarm-frontend/build/android/res/drawable-notlong-land-ldpi/background.png
[DEBUG] found drawable-long-port-ldpi splash screen at /home/swarm/Zwarm/zwarm-frontend/Resources/android/images/res-long-port-ldpi/default.png
[DEBUG] copying /home/swarm/Zwarm/zwarm-frontend/Resources/android/images/res-long-port-ldpi/default.png splash screen to /home/swarm/Zwarm/zwarm-frontend/build/android/res/drawable-long-port-ldpi/background.png
[DEBUG] found drawable-notlong-land-hdpi splash screen at /home/swarm/Zwarm/zwarm-frontend/Resources/android/images/res-notlong-land-hdpi/default.png
[DEBUG] copying /home/swarm/Zwarm/zwarm-frontend/Resources/android/images/res-notlong-land-hdpi/default.png splash screen to /home/swarm/Zwarm/zwarm-frontend/build/android/res/drawable-notlong-land-hdpi/background.png
[DEBUG] found drawable-long-port-hdpi splash screen at /home/swarm/Zwarm/zwarm-frontend/Resources/android/images/res-long-port-hdpi/default.png
[DEBUG] copying /home/swarm/Zwarm/zwarm-frontend/Resources/android/images/res-long-port-hdpi/default.png splash screen to /home/swarm/Zwarm/zwarm-frontend/build/android/res/drawable-long-port-hdpi/background.png
[DEBUG] found drawable-notlong-port-ldpi splash screen at /home/swarm/Zwarm/zwarm-frontend/Resources/android/images/res-notlong-port-ldpi/default.png
[DEBUG] copying /home/swarm/Zwarm/zwarm-frontend/Resources/android/images/res-notlong-port-ldpi/default.png splash screen to /home/swarm/Zwarm/zwarm-frontend/build/android/res/drawable-notlong-port-ldpi/background.png
[DEBUG] found drawable-long-land-ldpi splash screen at /home/swarm/Zwarm/zwarm-frontend/Resources/android/images/res-long-land-ldpi/default.png
[DEBUG] copying /home/swarm/Zwarm/zwarm-frontend/Resources/android/images/res-long-land-ldpi/default.png splash screen to /home/swarm/Zwarm/zwarm-frontend/build/android/res/drawable-long-land-ldpi/background.png
[DEBUG] found drawable-notlong-land-mdpi splash screen at /home/swarm/Zwarm/zwarm-frontend/Resources/android/images/res-notlong-land-mdpi/default.png
[DEBUG] copying /home/swarm/Zwarm/zwarm-frontend/Resources/android/images/res-notlong-land-mdpi/default.png splash screen to /home/swarm/Zwarm/zwarm-frontend/build/android/res/drawable-notlong-land-mdpi/background.png
[DEBUG] found drawable-long-land-hdpi splash screen at /home/swarm/Zwarm/zwarm-frontend/Resources/android/images/res-long-land-hdpi/default.png
[DEBUG] copying /home/swarm/Zwarm/zwarm-frontend/Resources/android/images/res-long-land-hdpi/default.png splash screen to /home/swarm/Zwarm/zwarm-frontend/build/android/res/drawable-long-land-hdpi/background.png
[DEBUG] found drawable-notlong-port-mdpi splash screen at /home/swarm/Zwarm/zwarm-frontend/Resources/android/images/res-notlong-port-mdpi/default.png
[DEBUG] copying /home/swarm/Zwarm/zwarm-frontend/Resources/android/images/res-notlong-port-mdpi/default.png splash screen to /home/swarm/Zwarm/zwarm-frontend/build/android/res/drawable-notlong-port-mdpi/background.png
[DEBUG] found drawable-notlong-port-hdpi splash screen at /home/swarm/Zwarm/zwarm-frontend/Resources/android/images/res-notlong-port-hdpi/default.png
[DEBUG] copying /home/swarm/Zwarm/zwarm-frontend/Resources/android/images/res-notlong-port-hdpi/default.png splash screen to /home/swarm/Zwarm/zwarm-frontend/build/android/res/drawable-notlong-port-hdpi/background.png
[DEBUG] found splash screen at /home/swarm/Zwarm/zwarm-frontend/build/android/bin/assets/Resources/default.png
[TRACE] Writing out AndroidManifest.xml
[DEBUG] adding /home/swarm/Zwarm/zwarm-frontend/build/android/gen/com/zuehlke/zwarm/ZwarmmobileAppInfo.java to javac build list
[DEBUG] adding /home/swarm/Zwarm/zwarm-frontend/build/android/gen/com/zuehlke/zwarm/ZwarmmobileApplication.java to javac build list
[DEBUG] adding /home/swarm/Zwarm/zwarm-frontend/build/android/gen/com/zuehlke/zwarm/ZwarmmobileActivity.java to javac build list
[DEBUG] adding /home/swarm/Zwarm/zwarm-frontend/build/android/gen/com/zuehlke/zwarm/R.java to javac build list
[DEBUG] adding /home/swarm/Zwarm/zwarm-frontend/build/android/gen/com/zuehlke/zwarm/ApplicationStylesheet.java to javac build list
[DEBUG] Building Java Sources: "/home/swarm/Zwarm/zwarm-frontend/build/android/gen/com/zuehlke/zwarm/ZwarmmobileAppInfo.java" "/home/swarm/Zwarm/zwarm-frontend/build/android/gen/com/zuehlke/zwarm/ZwarmmobileApplication.java" "/home/swarm/Zwarm/zwarm-frontend/build/android/gen/com/zuehlke/zwarm/ZwarmmobileActivity.java" "/home/swarm/Zwarm/zwarm-frontend/build/android/gen/com/zuehlke/zwarm/R.java" "/home/swarm/Zwarm/zwarm-frontend/build/android/gen/com/zuehlke/zwarm/ApplicationStylesheet.java"
[INFO] Waiting for SDCard to become available..
[INFO] Compiling Android Resources... This could take some time
[DEBUG] Android classes.dex built
[DEBUG] creating unsigned apk: /home/swarm/Zwarm/zwarm-frontend/build/android/bin/app-unsigned.apk
[DEBUG] from resource zip => assets/Resources/network/RestClient.js
[DEBUG] from resource zip => assets/Resources/network/SwarmClient.js
[DEBUG] from resource zip => assets/Resources/ui/InitView.js
[DEBUG] from resource zip => assets/Resources/ui/MainView.js
[DEBUG] from resource zip => assets/Resources/ui/MapView.js
[DEBUG] from resource zip => assets/Resources/ui/SampleView.js
[DEBUG] from resource zip => assets/Resources/ui/SwarmBrowser.js
[DEBUG] from resource zip => assets/Resources/ui/SwarmDefinitionView.js
[DEBUG] from resource zip => assets/Resources/ui/SwarmView.js
[DEBUG] from resource zip => assets/Resources/util/Countdown.js
[DEBUG] from resource zip => assets/Resources/KS_nav_ui.png
[DEBUG] from resource zip => assets/Resources/KS_nav_views.png
[DEBUG] from resource zip => assets/Resources/app.js
[DEBUG] from resource zip => assets/Resources/appicon.png
[DEBUG] from resource zip => assets/Resources/default.png
[DEBUG] from resource zip => assets/Resources/swarmview.js
[DEBUG] from resource zip => assets/Resources/ti.cloud.js
[DEBUG] from resource zip => assets/app.json
[DEBUG] from resource zip => assets/index.json
[DEBUG] from resource zip => assets/tiapp.xml
[DEBUG] from resource zip => res/drawable/appicon.png
[DEBUG] from resource zip => res/drawable/background.png
[DEBUG] from resource zip => res/drawable/close.png
[DEBUG] from resource zip => res/drawable/facebook_login.png
[DEBUG] from resource zip => res/drawable/facebook_login_down.png
[DEBUG] from resource zip => res/drawable/facebook_login_wide.png
[DEBUG] from resource zip => res/drawable/facebook_login_wide_down.png
[DEBUG] from resource zip => res/drawable/facebook_logout.png
[DEBUG] from resource zip => res/drawable/facebook_logout_down.png
[DEBUG] from resource zip => res/layout/titanium_tabgroup.xml
[DEBUG] from resource zip => AndroidManifest.xml
[DEBUG] from resource zip => resources.arsc
[DEBUG] from resource zip => res/drawable-hdpi/close.png
[DEBUG] from resource zip => res/drawable-ldpi/close.png
[DEBUG] from resource zip => res/drawable-long-land-hdpi/background.png
[DEBUG] from resource zip => res/drawable-long-land-hdpi/default_d44e27d97b.png
[DEBUG] from resource zip => res/drawable-long-land-ldpi/background.png
[DEBUG] from resource zip => res/drawable-long-land-ldpi/default_d44e27d97b.png
[DEBUG] from resource zip => res/drawable-long-port-hdpi/background.png
[DEBUG] from resource zip => res/drawable-long-port-hdpi/default_d44e27d97b.png
[DEBUG] from resource zip => res/drawable-long-port-ldpi/background.png
[DEBUG] from resource zip => res/drawable-long-port-ldpi/default_d44e27d97b.png
[DEBUG] from resource zip => res/drawable-notlong-land-hdpi/background.png
[DEBUG] from resource zip => res/drawable-notlong-land-hdpi/default_d44e27d97b.png
[DEBUG] from resource zip => res/drawable-notlong-land-ldpi/background.png
[DEBUG] from resource zip => res/drawable-notlong-land-ldpi/default_d44e27d97b.png
[DEBUG] from resource zip => res/drawable-notlong-land-mdpi/background.png
[DEBUG] from resource zip => res/drawable-notlong-land-mdpi/default_d44e27d97b.png
[DEBUG] from resource zip => res/drawable-notlong-port-hdpi/background.png
[DEBUG] from resource zip => res/drawable-notlong-port-hdpi/default_d44e27d97b.png
[DEBUG] from resource zip => res/drawable-notlong-port-ldpi/background.png
[DEBUG] from resource zip => res/drawable-notlong-port-ldpi/default_d44e27d97b.png
[DEBUG] from resource zip => res/drawable-notlong-port-mdpi/background.png
[DEBUG] from resource zip => res/drawable-notlong-port-mdpi/default_d44e27d97b.png
[DEBUG] from JAR /home/swarm/.titanium/mobilesdk/linux/2.0.1.GA2/android/modules/titanium-facebook.jar => ti/modules/titanium/facebook/LICENSE
[DEBUG] from JAR /home/swarm/.titanium/mobilesdk/linux/2.0.1.GA2/android/titanium.jar => org/appcelerator/titanium/build.properties
[DEBUG] from JAR /home/swarm/.titanium/mobilesdk/linux/2.0.1.GA2/android/titanium.jar => org/appcelerator/titanium/res/drawable/background.png
[DEBUG] from JAR /home/swarm/.titanium/mobilesdk/linux/2.0.1.GA2/android/titanium.jar => org/appcelerator/titanium/res/drawable/btn_check_buttonless_on.png
[DEBUG] from JAR /home/swarm/.titanium/mobilesdk/linux/2.0.1.GA2/android/titanium.jar => org/appcelerator/titanium/res/drawable/btn_check_buttonless_on_18.png
[DEBUG] from JAR /home/swarm/.titanium/mobilesdk/linux/2.0.1.GA2/android/titanium.jar => org/appcelerator/titanium/res/drawable/btn_check_buttonless_on_48.png
[DEBUG] from JAR /home/swarm/.titanium/mobilesdk/linux/2.0.1.GA2/android/titanium.jar => org/appcelerator/titanium/res/drawable/btn_more.png
[DEBUG] from JAR /home/swarm/.titanium/mobilesdk/linux/2.0.1.GA2/android/titanium.jar => org/appcelerator/titanium/res/drawable/btn_more_18.png
[DEBUG] from JAR /home/swarm/.titanium/mobilesdk/linux/2.0.1.GA2/android/titanium.jar => org/appcelerator/titanium/res/drawable/btn_more_48.png
[DEBUG] from JAR /home/swarm/.titanium/mobilesdk/linux/2.0.1.GA2/android/titanium.jar => org/appcelerator/titanium/res/drawable/btn_picker_normal.9.png
[DEBUG] from JAR /home/swarm/.titanium/mobilesdk/linux/2.0.1.GA2/android/titanium.jar => org/appcelerator/titanium/res/drawable/btn_picker_pressed.9.png
[DEBUG] from JAR /home/swarm/.titanium/mobilesdk/linux/2.0.1.GA2/android/titanium.jar => org/appcelerator/titanium/res/drawable/btn_picker_selected.9.png
[DEBUG] from JAR /home/swarm/.titanium/mobilesdk/linux/2.0.1.GA2/android/titanium.jar => org/appcelerator/titanium/res/drawable/default_icon.png
[DEBUG] from JAR /home/swarm/.titanium/mobilesdk/linux/2.0.1.GA2/android/titanium.jar => org/appcelerator/titanium/res/drawable/photoDefault.png
[DEBUG] from JAR /home/swarm/.titanium/mobilesdk/linux/2.0.1.GA2/android/modules/titanium-ui.jar => ti/modules/titanium/ui/widget/webview/binding.js
[DEBUG] from JAR /home/swarm/.titanium/mobilesdk/linux/2.0.1.GA2/android/modules/titanium-ui.jar => ti/modules/titanium/ui/widget/webview/binding.min.js
[DEBUG] from JAR /home/swarm/.titanium/mobilesdk/linux/2.0.1.GA2/android/modules/titanium-ui.jar => ti/modules/titanium/ui/widget/webview/json2.js
[DEBUG] from JAR /home/swarm/.titanium/mobilesdk/linux/2.0.1.GA2/android/thirdparty.jar => org/apache/Commons-NOTICE.txt
[DEBUG] from JAR /home/swarm/.titanium/mobilesdk/linux/2.0.1.GA2/android/thirdparty.jar => org/apache/HttpComponents-NOTICE.txt
[DEBUG] from JAR /home/swarm/.titanium/mobilesdk/linux/2.0.1.GA2/android/thirdparty.jar => org/apache/mime4j-NOTICE.txt
[DEBUG] installing native SDK libs
[DEBUG] Waiting for device to be ready ...
[TRACE] adb devices returned 1 devices/emulators
[DEBUG] Device connected... (waited 0 seconds)
[DEBUG] waited 0.021749 seconds on emulator to get ready
[INFO] Installing application on emulator
[INFO] Launching application ... ZwarmMobile
[TRACE] Launch output: Starting: Intent { act=android.intent.action.MAIN cat=[android.intent.category.LAUNCHER] cmp=com.zuehlke.zwarm/.ZwarmmobileActivity }

[INFO] Deployed ZwarmMobile ... Application should be running.
[DEBUG] signal caught: 15
[DEBUG] calling emulator kill on 5049
